<?xml version="1.0" encoding="UTF-8"?>
<!-- Generated by org.testng.reporters.JUnitReportReporter -->
<testsuite hostname="DESKTOP-5EVK54D" failures="0" tests="2" name="runner.PlaylistRunner" time="7.853" errors="0" timestamp="2023-11-26T21:12:44 IST" skipped="0">
  <testcase classname="runner.PlaylistRunner" name="runScenario" time="7.166"/>
  <system-out/>
  <testcase classname="runner.PlaylistRunner" name="runScenario" time="0.687"/>
  <system-out/>
</testsuite> <!-- runner.PlaylistRunner -->
